<?xml version="1.0" encoding="UTF-8"?>
<!-- Generated by org.testng.reporters.JUnitXMLReporter -->
<testsuite hostname="LAPTOP-0356DV5C" ignored="0" name="Default test" tests="5" failures="0" timestamp="02 五月 2022 13:47:11 GMT" time="49.785" errors="0">
  <testcase name="test_login" time="13.499" classname="com.webtest.testCases.LoginTest"/>
  <testcase name="test_warehourse_search" time="8.528" classname="com.webtest.testCases.LoginTest"/>
  <testcase name="test_warehourse_add" time="7.151" classname="com.webtest.testCases.LoginTest"/>
  <testcase name="test_warehourse_update" time="8.15" classname="com.webtest.testCases.LoginTest"/>
  <testcase name="test_delete_success" time="4.14" classname="com.webtest.testCases.LoginTest"/>
</testsuite> <!-- Default test -->
